<?xml version="1.0" encoding="UTF-8"?>
<!-- Generated by org.testng.reporters.JUnitXMLReporter -->
<testsuite ignored="0" hostname="KQ-LP-014" failures="1" tests="3" name="Test" time="115.05" errors="0" timestamp="2024-06-14T17:42:19 IST">
  <testcase classname="com.kiwiqa.testreport.TestClass" name="formReg" time="45.231"/>
  <testcase classname="com.kiwiqa.testreport.TestClass" name="loginVerify" time="31.451">
    <failure type="java.lang.AssertionError" message="expected [https://opensource-demo.orangehrmlive.com/web/index.php/dashboard/index] but found [https://opensource-demo.orangehrmlive.com/web/index.php/auth/login]">
      <![CDATA[java.lang.AssertionError: expected [https://opensource-demo.orangehrmlive.com/web/index.php/dashboard/index] but found [https://opensource-demo.orangehrmlive.com/web/index.php/auth/login]
at com.kiwiqa.testreport.TestClass.loginVerify(TestClass.java:59)
at java.base/java.util.ArrayList.forEach(ArrayList.java:1596)
... Removed 31 stack frames]]>
    </failure>
  </testcase> <!-- loginVerify -->
  <testcase classname="com.kiwiqa.testreport.TestClass" name="title" time="7.493"/>
</testsuite> <!-- Test -->
