<?xml version="1.0" encoding="UTF-8"?>
<testng-results ignored="0" total="3" passed="2" failed="1" skipped="0">
  <reporter-output>
  </reporter-output>
  <suite started-at="2024-06-14T17:40:23 IST" name="Suite" finished-at="2024-06-14T17:42:18 IST" duration-ms="115050">
    <groups>
    </groups>
    <test started-at="2024-06-14T17:40:23 IST" name="Test" finished-at="2024-06-14T17:42:18 IST" duration-ms="115050">
      <class name="com.kiwiqa.testreport.TestClass">
        <test-method is-config="true" signature="beforeTest()[pri:0, instance:com.kiwiqa.testreport.TestClass@222545dc]" started-at="2024-06-14T17:40:23 IST" name="beforeTest" finished-at="2024-06-14T17:40:45 IST" duration-ms="21995" status="PASS">
          <reporter-output>
          </reporter-output>
        </test-method> <!-- beforeTest -->
        <test-method signature="formReg()[pri:0, instance:com.kiwiqa.testreport.TestClass@222545dc]" started-at="2024-06-14T17:40:45 IST" name="formReg" finished-at="2024-06-14T17:41:31 IST" duration-ms="45231" status="PASS">
          <reporter-output>
          </reporter-output>
        </test-method> <!-- formReg -->
        <test-method is-config="true" signature="afterMethod(org.testng.ITestResult)[pri:0, instance:com.kiwiqa.testreport.TestClass@222545dc]" started-at="2024-06-14T17:41:31 IST" name="afterMethod" finished-at="2024-06-14T17:41:33 IST" duration-ms="2738" status="PASS">
          <params>
            <param index="0">
              <value>
                <![CDATA[[TestResult name=formReg status=SUCCESS method=TestClass.formReg()[pri:0, instance:com.kiwiqa.testreport.TestClass@222545dc] output={null}]]]>
              </value>
            </param>
          </params>
          <reporter-output>
          </reporter-output>
        </test-method> <!-- afterMethod -->
        <test-method signature="loginVerify()[pri:0, instance:com.kiwiqa.testreport.TestClass@222545dc]" started-at="2024-06-14T17:41:33 IST" name="loginVerify" finished-at="2024-06-14T17:42:05 IST" duration-ms="31451" status="FAIL">
          <exception class="java.lang.AssertionError">
            <message>
              <![CDATA[expected [https://opensource-demo.orangehrmlive.com/web/index.php/dashboard/index] but found [https://opensource-demo.orangehrmlive.com/web/index.php/auth/login]]]>
            </message>
            <full-stacktrace>
              <![CDATA[java.lang.AssertionError: expected [https://opensource-demo.orangehrmlive.com/web/index.php/dashboard/index] but found [https://opensource-demo.orangehrmlive.com/web/index.php/auth/login]
at org.testng.Assert.fail(Assert.java:99)
at org.testng.Assert.failNotEquals(Assert.java:1037)
at org.testng.Assert.assertEqualsImpl(Assert.java:140)
at org.testng.Assert.assertEquals(Assert.java:122)
at org.testng.Assert.assertEquals(Assert.java:629)
at org.testng.Assert.assertEquals(Assert.java:639)
at com.kiwiqa.testreport.TestClass.loginVerify(TestClass.java:59)
at java.base/jdk.internal.reflect.DirectMethodHandleAccessor.invoke(DirectMethodHandleAccessor.java:103)
at java.base/java.lang.reflect.Method.invoke(Method.java:580)
at org.testng.internal.MethodInvocationHelper.invokeMethod(MethodInvocationHelper.java:133)
at org.testng.internal.TestInvoker.invokeMethod(TestInvoker.java:598)
at org.testng.internal.TestInvoker.invokeTestMethod(TestInvoker.java:173)
at org.testng.internal.MethodRunner.runInSequence(MethodRunner.java:46)
at org.testng.internal.TestInvoker$MethodInvocationAgent.invoke(TestInvoker.java:824)
at org.testng.internal.TestInvoker.invokeTestMethods(TestInvoker.java:146)
at org.testng.internal.TestMethodWorker.invokeTestMethods(TestMethodWorker.java:146)
at org.testng.internal.TestMethodWorker.run(TestMethodWorker.java:128)
at java.base/java.util.ArrayList.forEach(ArrayList.java:1596)
at org.testng.TestRunner.privateRun(TestRunner.java:794)
at org.testng.TestRunner.run(TestRunner.java:596)
at org.testng.SuiteRunner.runTest(SuiteRunner.java:377)
at org.testng.SuiteRunner.runSequentially(SuiteRunner.java:371)
at org.testng.SuiteRunner.privateRun(SuiteRunner.java:332)
at org.testng.SuiteRunner.run(SuiteRunner.java:276)
at org.testng.SuiteRunnerWorker.runSuite(SuiteRunnerWorker.java:53)
at org.testng.SuiteRunnerWorker.run(SuiteRunnerWorker.java:96)
at org.testng.TestNG.runSuitesSequentially(TestNG.java:1212)
at org.testng.TestNG.runSuitesLocally(TestNG.java:1134)
at org.testng.TestNG.runSuites(TestNG.java:1063)
at org.testng.TestNG.run(TestNG.java:1031)
at org.testng.remote.AbstractRemoteTestNG.run(AbstractRemoteTestNG.java:115)
at org.testng.remote.RemoteTestNG.initAndRun(RemoteTestNG.java:293)
at org.testng.remote.RemoteTestNG.main(RemoteTestNG.java:91)
]]>
            </full-stacktrace>
          </exception> <!-- java.lang.AssertionError -->
          <reporter-output>
          </reporter-output>
        </test-method> <!-- loginVerify -->
        <test-method is-config="true" signature="afterMethod(org.testng.ITestResult)[pri:0, instance:com.kiwiqa.testreport.TestClass@222545dc]" started-at="2024-06-14T17:42:05 IST" name="afterMethod" finished-at="2024-06-14T17:42:07 IST" duration-ms="2242" status="PASS">
          <params>
            <param index="0">
              <value>
                <![CDATA[[TestResult name=loginVerify status=FAILURE method=TestClass.loginVerify()[pri:0, instance:com.kiwiqa.testreport.TestClass@222545dc] output={null}]]]>
              </value>
            </param>
          </params>
          <reporter-output>
          </reporter-output>
        </test-method> <!-- afterMethod -->
        <test-method signature="title()[pri:0, instance:com.kiwiqa.testreport.TestClass@222545dc]" started-at="2024-06-14T17:42:07 IST" name="title" finished-at="2024-06-14T17:42:15 IST" duration-ms="7493" status="PASS">
          <reporter-output>
          </reporter-output>
        </test-method> <!-- title -->
        <test-method is-config="true" signature="afterMethod(org.testng.ITestResult)[pri:0, instance:com.kiwiqa.testreport.TestClass@222545dc]" started-at="2024-06-14T17:42:15 IST" name="afterMethod" finished-at="2024-06-14T17:42:17 IST" duration-ms="2326" status="PASS">
          <params>
            <param index="0">
              <value>
                <![CDATA[[TestResult name=title status=SUCCESS method=TestClass.title()[pri:0, instance:com.kiwiqa.testreport.TestClass@222545dc] output={null}]]]>
              </value>
            </param>
          </params>
          <reporter-output>
          </reporter-output>
        </test-method> <!-- afterMethod -->
        <test-method is-config="true" signature="afterclass()[pri:0, instance:com.kiwiqa.testreport.TestClass@222545dc]" started-at="2024-06-14T17:42:17 IST" name="afterclass" finished-at="2024-06-14T17:42:18 IST" duration-ms="1383" status="PASS">
          <reporter-output>
          </reporter-output>
        </test-method> <!-- afterclass -->
      </class> <!-- com.kiwiqa.testreport.TestClass -->
    </test> <!-- Test -->
  </suite> <!-- Suite -->
</testng-results>
